<?xml version="1.0" encoding="UTF-8"?>
<testsuite name="com.kodilla.testing.collection.CollectionTestSuite" tests="2" skipped="0" failures="0" errors="0" timestamp="2019-04-01T19:57:24" hostname="DESKTOP-247TMIN" time="0.006">
  <properties/>
  <testcase name="testOddNumbersExterminatorEmptyList" classname="com.kodilla.testing.collection.CollectionTestSuite" time="0.005"/>
  <testcase name="testOddNumbersExterminatorNormalList" classname="com.kodilla.testing.collection.CollectionTestSuite" time="0.0"/>
  <system-out><![CDATA[Test Case begin
[]
Test case end
Test Case begin
[1, 3, 4, 2, 7, 8, 9, 11]
Test case end
]]></system-out>
  <system-err><![CDATA[]]></system-err>
</testsuite>
