<?xml version="1.0" encoding="UTF-8"?>
<testsuite name="com.kodilla.testing.forum.statistics.StatisticsCalculatorTestSuite" tests="7" skipped="0" failures="0" errors="0" timestamp="2019-04-01T19:57:24" hostname="DESKTOP-247TMIN" time="0.446">
  <properties/>
  <testcase name="testCalculateAdvStatisticsWithMockPart1" classname="com.kodilla.testing.forum.statistics.StatisticsCalculatorTestSuite" time="0.439"/>
  <testcase name="testCalculateAdvStatisticsWithMockPart2" classname="com.kodilla.testing.forum.statistics.StatisticsCalculatorTestSuite" time="0.001"/>
  <testcase name="testCalculateAdvStatisticsWithMockPart3" classname="com.kodilla.testing.forum.statistics.StatisticsCalculatorTestSuite" time="0.001"/>
  <testcase name="testCalculateAdvStatisticsWithMockPart4" classname="com.kodilla.testing.forum.statistics.StatisticsCalculatorTestSuite" time="0.001"/>
  <testcase name="testCalculateAdvStatisticsWithMockPart5" classname="com.kodilla.testing.forum.statistics.StatisticsCalculatorTestSuite" time="0.001"/>
  <testcase name="testCalculateAdvStatisticsWithMockPart6" classname="com.kodilla.testing.forum.statistics.StatisticsCalculatorTestSuite" time="0.0"/>
  <testcase name="testCalculateAdvStatisticsWithMockPart7" classname="com.kodilla.testing.forum.statistics.StatisticsCalculatorTestSuite" time="0.001"/>
  <system-out><![CDATA[]]></system-out>
  <system-err><![CDATA[]]></system-err>
</testsuite>
