<?xml version="1.0" encoding="UTF-8"?>
<testsuite name="com.kodilla.testing.shape.ShapeCollectorTestSuite" tests="3" skipped="0" failures="0" errors="0" timestamp="2019-06-12T18:39:49" hostname="mbp-przemysaw.home" time="0.002">
  <properties/>
  <testcase name="testRemoveFigure" classname="com.kodilla.testing.shape.ShapeCollectorTestSuite" time="0.001"/>
  <testcase name="testAddFigure" classname="com.kodilla.testing.shape.ShapeCollectorTestSuite" time="0.0"/>
  <testcase name="testGetFigure" classname="com.kodilla.testing.shape.ShapeCollectorTestSuite" time="0.0"/>
  <system-out><![CDATA[Preparing to execute test #1
Test Case:begin
Test case: end
Preparing to execute test #2
Test Case:begin
Test case: end
Preparing to execute test #3
Test Case:begin
Test case: end
]]></system-out>
  <system-err><![CDATA[]]></system-err>
</testsuite>
