<?xml version="1.0" encoding="UTF-8"?>
<testsuite name="com.kodilla.testing.forum.ForumTestSuite" tests="10" skipped="0" failures="0" errors="0" timestamp="2019-06-12T18:39:49" hostname="mbp-przemysaw.home" time="0.004">
  <properties/>
  <testcase name="testRemovePostNotExisting" classname="com.kodilla.testing.forum.ForumTestSuite" time="0.001"/>
  <testcase name="testAddPost" classname="com.kodilla.testing.forum.ForumTestSuite" time="0.0"/>
  <testcase name="testCaseRealName" classname="com.kodilla.testing.forum.ForumTestSuite" time="0.001"/>
  <testcase name="testCaseUsername" classname="com.kodilla.testing.forum.ForumTestSuite" time="0.0"/>
  <testcase name="testGetPost" classname="com.kodilla.testing.forum.ForumTestSuite" time="0.001"/>
  <testcase name="testRemoveCommentNotExisting" classname="com.kodilla.testing.forum.ForumTestSuite" time="0.0"/>
  <testcase name="testRemoveComment" classname="com.kodilla.testing.forum.ForumTestSuite" time="0.0"/>
  <testcase name="testRemovePost" classname="com.kodilla.testing.forum.ForumTestSuite" time="0.0"/>
  <testcase name="testGetComment" classname="com.kodilla.testing.forum.ForumTestSuite" time="0.0"/>
  <testcase name="testAddComment" classname="com.kodilla.testing.forum.ForumTestSuite" time="0.0"/>
  <system-out><![CDATA[Test Suite: begin
Test Case:begin
Test case: end
Test Case:begin
Test case: end
Test Case:begin
Testing John Smith
Test case: end
Test Case:begin
Test case: end
Test Case:begin
Test case: end
Test Case:begin
Test case: end
Test Case:begin
Test case: end
Test Case:begin
Test case: end
Test Case:begin
Test case: end
Test Case:begin
Test case: end
Test suite: end
]]></system-out>
  <system-err><![CDATA[]]></system-err>
</testsuite>
